SF:lib/src/animated_svg.dart
DA:30,1
DA:39,3
DA:75,1
DA:76,1
DA:81,1
DA:83,1
DA:86,2
DA:87,4
DA:88,2
DA:94,1
DA:95,1
DA:97,2
DA:100,1
DA:103,2
DA:104,2
DA:105,1
DA:107,1
DA:114,1
DA:115,2
DA:116,3
DA:118,2
DA:120,3
DA:121,3
DA:123,3
DA:127,1
DA:129,1
DA:130,1
DA:131,1
DA:133,1
DA:139,1
DA:140,1
DA:141,3
DA:142,4
DA:143,3
DA:144,3
DA:146,2
DA:147,1
DA:148,1
DA:149,3
DA:150,3
DA:152,2
DA:156,1
DA:157,1
DA:158,3
DA:159,2
DA:161,2
DA:166,2
DA:167,1
DA:168,1
DA:169,3
DA:170,2
DA:172,2
DA:176,1
DA:177,1
DA:178,3
DA:179,3
DA:181,2
DA:199,1
DA:222,1
DA:224,1
DA:225,1
DA:226,1
DA:227,1
DA:228,1
DA:229,1
DA:230,1
DA:231,2
LF:67
LH:67
end_of_record
SF:lib/src/animated_svg_controller.dart
DA:52,1
DA:57,1
DA:58,3
DA:60,1
DA:62,1
DA:64,6
DA:67,1
DA:68,3
DA:70,1
DA:72,1
DA:74,1
DA:77,1
DA:79,1
DA:81,2
DA:85,1
DA:87,1
DA:89,2
DA:93,1
DA:95,1
DA:97,2
DA:100,1
DA:102,1
DA:104,2
DA:107,1
DA:109,1
DA:110,2
DA:111,1
LF:27
LH:27
end_of_record
