SF:lib/src/animated_svg.dart
DA:30,1
DA:39,3
DA:75,1
DA:76,1
DA:81,1
DA:83,1
DA:86,2
DA:87,4
DA:88,2
DA:92,1
DA:93,1
DA:95,2
DA:98,1
DA:101,2
DA:102,2
DA:103,1
DA:105,1
DA:109,1
DA:110,2
DA:111,3
DA:113,2
DA:115,3
DA:116,3
DA:118,3
DA:122,1
DA:124,1
DA:125,1
DA:126,1
DA:128,1
DA:134,1
DA:135,1
DA:136,3
DA:137,4
DA:138,3
DA:139,3
DA:141,2
DA:142,1
DA:143,1
DA:144,3
DA:145,3
DA:147,2
DA:151,1
DA:152,1
DA:153,3
DA:154,2
DA:156,2
DA:161,2
DA:162,1
DA:163,1
DA:164,3
DA:165,2
DA:167,2
DA:171,1
DA:172,1
DA:173,3
DA:174,3
DA:176,2
DA:194,1
DA:217,1
DA:219,1
DA:220,1
DA:221,1
DA:222,1
DA:223,1
DA:224,1
DA:225,1
DA:226,2
LF:67
LH:67
end_of_record
SF:lib/src/animated_svg_controller.dart
DA:52,1
DA:57,1
DA:58,3
DA:60,1
DA:62,1
DA:64,6
DA:67,1
DA:68,3
DA:70,1
DA:72,1
DA:74,1
DA:77,1
DA:79,1
DA:81,2
DA:85,1
DA:87,1
DA:89,2
DA:93,1
DA:95,1
DA:97,2
DA:100,1
DA:102,1
DA:104,2
DA:107,1
DA:109,1
DA:111,2
DA:112,1
LF:27
LH:27
end_of_record
